<?xml version="1.0" encoding="UTF-8"?>
<coverage generated="1618592414384" clover="3.2.0">
  <project timestamp="1618592414385" name="All files">
    <metrics statements="25" coveredstatements="25" conditionals="0" coveredconditionals="0" methods="13" coveredmethods="13" elements="38" coveredelements="38" complexity="0" loc="25" ncloc="25" packages="1" files="4" classes="4"/>
    <file name="employee.js" path="C:\Users\bdurh\Team-Profile-Generator-Application\lib\employee.js">
      <metrics statements="8" coveredstatements="8" conditionals="0" coveredconditionals="0" methods="5" coveredmethods="5"/>
      <line num="3" count="53" type="stmt"/>
      <line num="4" count="53" type="stmt"/>
      <line num="5" count="53" type="stmt"/>
      <line num="10" count="4" type="stmt"/>
      <line num="14" count="4" type="stmt"/>
      <line num="18" count="4" type="stmt"/>
      <line num="22" count="1" type="stmt"/>
      <line num="27" count="4" type="stmt"/>
    </file>
    <file name="engineer.js" path="C:\Users\bdurh\Team-Profile-Generator-Application\lib\engineer.js">
      <metrics statements="6" coveredstatements="6" conditionals="0" coveredconditionals="0" methods="3" coveredmethods="3"/>
      <line num="2" count="1" type="stmt"/>
      <line num="7" count="14" type="stmt"/>
      <line num="8" count="14" type="stmt"/>
      <line num="12" count="1" type="stmt"/>
      <line num="16" count="1" type="stmt"/>
      <line num="23" count="1" type="stmt"/>
    </file>
    <file name="intern.js" path="C:\Users\bdurh\Team-Profile-Generator-Application\lib\intern.js">
      <metrics statements="6" coveredstatements="6" conditionals="0" coveredconditionals="0" methods="3" coveredmethods="3"/>
      <line num="2" count="1" type="stmt"/>
      <line num="6" count="14" type="stmt"/>
      <line num="7" count="14" type="stmt"/>
      <line num="11" count="1" type="stmt"/>
      <line num="15" count="1" type="stmt"/>
      <line num="21" count="1" type="stmt"/>
    </file>
    <file name="manager.js" path="C:\Users\bdurh\Team-Profile-Generator-Application\lib\manager.js">
      <metrics statements="5" coveredstatements="5" conditionals="0" coveredconditionals="0" methods="2" coveredmethods="2"/>
      <line num="2" count="1" type="stmt"/>
      <line num="6" count="14" type="stmt"/>
      <line num="7" count="14" type="stmt"/>
      <line num="11" count="1" type="stmt"/>
      <line num="16" count="1" type="stmt"/>
    </file>
  </project>
</coverage>
