{"C:\\Users\\bdurh\\Team-Profile-Generator-Application\\lib\\employee.js": {"path":"C:\\Users\\bdurh\\Team-Profile-Generator-Application\\lib\\employee.js","statementMap":{"0":{"start":{"line":3,"column":8},"end":{"line":3,"column":25}},"1":{"start":{"line":4,"column":8},"end":{"line":4,"column":21}},"2":{"start":{"line":5,"column":8},"end":{"line":5,"column":27}},"3":{"start":{"line":10,"column":8},"end":{"line":10,"column":25}},"4":{"start":{"line":14,"column":8},"end":{"line":14,"column":23}},"5":{"start":{"line":18,"column":8},"end":{"line":18,"column":26}},"6":{"start":{"line":22,"column":8},"end":{"line":22,"column":26}},"7":{"start":{"line":27,"column":0},"end":{"line":27,"column":26}}},"fnMap":{"0":{"name":"(anonymous_0)","decl":{"start":{"line":2,"column":4},"end":{"line":2,"column":5}},"loc":{"start":{"line":2,"column":33},"end":{"line":6,"column":5}},"line":2},"1":{"name":"(anonymous_1)","decl":{"start":{"line":9,"column":4},"end":{"line":9,"column":5}},"loc":{"start":{"line":9,"column":14},"end":{"line":11,"column":5}},"line":9},"2":{"name":"(anonymous_2)","decl":{"start":{"line":13,"column":4},"end":{"line":13,"column":5}},"loc":{"start":{"line":13,"column":11},"end":{"line":15,"column":5}},"line":13},"3":{"name":"(anonymous_3)","decl":{"start":{"line":17,"column":4},"end":{"line":17,"column":5}},"loc":{"start":{"line":17,"column":15},"end":{"line":19,"column":5}},"line":17},"4":{"name":"(anonymous_4)","decl":{"start":{"line":21,"column":4},"end":{"line":21,"column":5}},"loc":{"start":{"line":21,"column":13},"end":{"line":23,"column":5}},"line":21}},"branchMap":{},"s":{"0":53,"1":53,"2":53,"3":4,"4":4,"5":4,"6":1,"7":4},"f":{"0":53,"1":4,"2":4,"3":4,"4":1},"b":{},"_coverageSchema":"1a1c01bbd47fc00a2c39e90264f33305004495a9","hash":"d5459487a51b5224899c29b41ed2434255a211ec"}
,"C:\\Users\\bdurh\\Team-Profile-Generator-Application\\lib\\engineer.js": {"path":"C:\\Users\\bdurh\\Team-Profile-Generator-Application\\lib\\engineer.js","statementMap":{"0":{"start":{"line":2,"column":17},"end":{"line":2,"column":38}},"1":{"start":{"line":7,"column":8},"end":{"line":7,"column":29}},"2":{"start":{"line":8,"column":8},"end":{"line":8,"column":29}},"3":{"start":{"line":12,"column":8},"end":{"line":12,"column":27}},"4":{"start":{"line":16,"column":8},"end":{"line":16,"column":56}},"5":{"start":{"line":23,"column":0},"end":{"line":23,"column":26}}},"fnMap":{"0":{"name":"(anonymous_0)","decl":{"start":{"line":6,"column":4},"end":{"line":6,"column":5}},"loc":{"start":{"line":6,"column":38},"end":{"line":9,"column":5}},"line":6},"1":{"name":"(anonymous_1)","decl":{"start":{"line":11,"column":4},"end":{"line":11,"column":5}},"loc":{"start":{"line":11,"column":15},"end":{"line":13,"column":5}},"line":11},"2":{"name":"(anonymous_2)","decl":{"start":{"line":15,"column":4},"end":{"line":15,"column":5}},"loc":{"start":{"line":15,"column":13},"end":{"line":17,"column":5}},"line":15}},"branchMap":{},"s":{"0":1,"1":14,"2":14,"3":1,"4":1,"5":1},"f":{"0":14,"1":1,"2":1},"b":{},"_coverageSchema":"1a1c01bbd47fc00a2c39e90264f33305004495a9","hash":"5b51bc992fbafb7c987b15b340527f818fd32518"}
,"C:\\Users\\bdurh\\Team-Profile-Generator-Application\\lib\\intern.js": {"path":"C:\\Users\\bdurh\\Team-Profile-Generator-Application\\lib\\intern.js","statementMap":{"0":{"start":{"line":2,"column":17},"end":{"line":2,"column":38}},"1":{"start":{"line":6,"column":8},"end":{"line":6,"column":29}},"2":{"start":{"line":7,"column":8},"end":{"line":7,"column":29}},"3":{"start":{"line":11,"column":8},"end":{"line":11,"column":27}},"4":{"start":{"line":15,"column":8},"end":{"line":15,"column":60}},"5":{"start":{"line":21,"column":0},"end":{"line":21,"column":24}}},"fnMap":{"0":{"name":"(anonymous_0)","decl":{"start":{"line":5,"column":4},"end":{"line":5,"column":5}},"loc":{"start":{"line":5,"column":37},"end":{"line":8,"column":5}},"line":5},"1":{"name":"(anonymous_1)","decl":{"start":{"line":10,"column":4},"end":{"line":10,"column":5}},"loc":{"start":{"line":10,"column":15},"end":{"line":12,"column":5}},"line":10},"2":{"name":"(anonymous_2)","decl":{"start":{"line":14,"column":4},"end":{"line":14,"column":5}},"loc":{"start":{"line":14,"column":13},"end":{"line":16,"column":5}},"line":14}},"branchMap":{},"s":{"0":1,"1":14,"2":14,"3":1,"4":1,"5":1},"f":{"0":14,"1":1,"2":1},"b":{},"_coverageSchema":"1a1c01bbd47fc00a2c39e90264f33305004495a9","hash":"1ab0eb16342cdef113446ae4bfb4a50ee4a288f3"}
,"C:\\Users\\bdurh\\Team-Profile-Generator-Application\\lib\\manager.js": {"path":"C:\\Users\\bdurh\\Team-Profile-Generator-Application\\lib\\manager.js","statementMap":{"0":{"start":{"line":2,"column":17},"end":{"line":2,"column":38}},"1":{"start":{"line":6,"column":8},"end":{"line":6,"column":29}},"2":{"start":{"line":7,"column":8},"end":{"line":7,"column":41}},"3":{"start":{"line":11,"column":8},"end":{"line":11,"column":55}},"4":{"start":{"line":16,"column":0},"end":{"line":16,"column":25}}},"fnMap":{"0":{"name":"(anonymous_0)","decl":{"start":{"line":5,"column":4},"end":{"line":5,"column":5}},"loc":{"start":{"line":5,"column":46},"end":{"line":8,"column":5}},"line":5},"1":{"name":"(anonymous_1)","decl":{"start":{"line":10,"column":4},"end":{"line":10,"column":5}},"loc":{"start":{"line":10,"column":13},"end":{"line":12,"column":5}},"line":10}},"branchMap":{},"s":{"0":1,"1":14,"2":14,"3":1,"4":1},"f":{"0":14,"1":1},"b":{},"_coverageSchema":"1a1c01bbd47fc00a2c39e90264f33305004495a9","hash":"97d4e58a00f8bf6155c7172be64a6290ad7a635d"}
}
