TN:
SF:lib\employee.js
FN:2,(anonymous_0)
FN:9,(anonymous_1)
FN:13,(anonymous_2)
FN:17,(anonymous_3)
FN:21,(anonymous_4)
FNF:5
FNH:5
FNDA:53,(anonymous_0)
FNDA:4,(anonymous_1)
FNDA:4,(anonymous_2)
FNDA:4,(anonymous_3)
FNDA:1,(anonymous_4)
DA:3,53
DA:4,53
DA:5,53
DA:10,4
DA:14,4
DA:18,4
DA:22,1
DA:27,4
LF:8
LH:8
BRF:0
BRH:0
end_of_record
TN:
SF:lib\engineer.js
FN:6,(anonymous_0)
FN:11,(anonymous_1)
FN:15,(anonymous_2)
FNF:3
FNH:3
FNDA:14,(anonymous_0)
FNDA:1,(anonymous_1)
FNDA:1,(anonymous_2)
DA:2,1
DA:7,14
DA:8,14
DA:12,1
DA:16,1
DA:23,1
LF:6
LH:6
BRF:0
BRH:0
end_of_record
TN:
SF:lib\intern.js
FN:5,(anonymous_0)
FN:10,(anonymous_1)
FN:14,(anonymous_2)
FNF:3
FNH:3
FNDA:14,(anonymous_0)
FNDA:1,(anonymous_1)
FNDA:1,(anonymous_2)
DA:2,1
DA:6,14
DA:7,14
DA:11,1
DA:15,1
DA:21,1
LF:6
LH:6
BRF:0
BRH:0
end_of_record
TN:
SF:lib\manager.js
FN:5,(anonymous_0)
FN:10,(anonymous_1)
FNF:2
FNH:2
FNDA:14,(anonymous_0)
FNDA:1,(anonymous_1)
DA:2,1
DA:6,14
DA:7,14
DA:11,1
DA:16,1
LF:5
LH:5
BRF:0
BRH:0
end_of_record
