TN:
SF:lib\employee.js
FN:2,(anonymous_0)
FN:9,(anonymous_1)
FN:13,(anonymous_2)
FN:17,(anonymous_3)
FN:21,(anonymous_4)
FNF:5
FNH:5
FNDA:27,(anonymous_0)
FNDA:2,(anonymous_1)
FNDA:2,(anonymous_2)
FNDA:2,(anonymous_3)
FNDA:1,(anonymous_4)
DA:3,27
DA:4,27
DA:5,27
DA:10,2
DA:14,2
DA:18,2
DA:22,1
DA:31,2
DA:32,2
DA:35,2
LF:10
LH:10
BRF:0
BRH:0
end_of_record
TN:
SF:lib\manager.js
FN:5,(anonymous_0)
FN:10,(anonymous_1)
FNF:2
FNH:2
FNDA:14,(anonymous_0)
FNDA:1,(anonymous_1)
DA:2,1
DA:6,14
DA:7,14
DA:11,1
DA:16,1
LF:5
LH:5
BRF:0
BRH:0
end_of_record
